********************************************************************************
**** Running test base...
********************************************************************************
ISim P.20131013 (signature 0x7708f090)
WARNING: A WEBPACK license was found.
WARNING: Please use Xilinx License Configuration Manager to check out a full ISim license.
WARNING: ISim will run in Lite mode. Please refer to the ISim documentation for more information on the differences between the Lite and the Full version.
This is a Lite version of ISim.
Time resolution is 1 ps
Simulator is doing circuit initialization process.
Finished circuit initialization process.
--------------------------------------------------------------------------------
done in 48 cycles
--------------------------------------------------------------------------------
Stopped at time : 41465 ns : File "D:/facultate/A321/AC/tema2/alt2/Matusa_Sebastian-Nicolae_331AA-tema2/build/bin/tester/tester.v" Line 220
********************************************************************************
**** Running test complex1...
********************************************************************************
ISim P.20131013 (signature 0x7708f090)
WARNING: A WEBPACK license was found.
WARNING: Please use Xilinx License Configuration Manager to check out a full ISim license.
WARNING: ISim will run in Lite mode. Please refer to the ISim documentation for more information on the differences between the Lite and the Full version.
This is a Lite version of ISim.
Time resolution is 1 ps
Simulator is doing circuit initialization process.
Finished circuit initialization process.
--------------------------------------------------------------------------------
done in 17126 cycles
--------------------------------------------------------------------------------
Stopped at time : 212245 ns : File "D:/facultate/A321/AC/tema2/alt2/Matusa_Sebastian-Nicolae_331AA-tema2/build/bin/tester/tester.v" Line 220
********************************************************************************
**** Running test complex2...
********************************************************************************
ISim P.20131013 (signature 0x7708f090)
WARNING: A WEBPACK license was found.
WARNING: Please use Xilinx License Configuration Manager to check out a full ISim license.
WARNING: ISim will run in Lite mode. Please refer to the ISim documentation for more information on the differences between the Lite and the Full version.
This is a Lite version of ISim.
Time resolution is 1 ps
Simulator is doing circuit initialization process.
Finished circuit initialization process.
--------------------------------------------------------------------------------
done in 20906 cycles
--------------------------------------------------------------------------------
Stopped at time : 250045 ns : File "D:/facultate/A321/AC/tema2/alt2/Matusa_Sebastian-Nicolae_331AA-tema2/build/bin/tester/tester.v" Line 220
********************************************************************************
**** Running test complex3...
********************************************************************************
ISim P.20131013 (signature 0x7708f090)
WARNING: A WEBPACK license was found.
WARNING: Please use Xilinx License Configuration Manager to check out a full ISim license.
WARNING: ISim will run in Lite mode. Please refer to the ISim documentation for more information on the differences between the Lite and the Full version.
This is a Lite version of ISim.
Time resolution is 1 ps
Simulator is doing circuit initialization process.
Finished circuit initialization process.
--------------------------------------------------------------------------------
done in 17252 cycles
--------------------------------------------------------------------------------
Stopped at time : 213505 ns : File "D:/facultate/A321/AC/tema2/alt2/Matusa_Sebastian-Nicolae_331AA-tema2/build/bin/tester/tester.v" Line 220
********************************************************************************
**** Running test complex4...
********************************************************************************
ISim P.20131013 (signature 0x7708f090)
WARNING: A WEBPACK license was found.
WARNING: Please use Xilinx License Configuration Manager to check out a full ISim license.
WARNING: ISim will run in Lite mode. Please refer to the ISim documentation for more information on the differences between the Lite and the Full version.
This is a Lite version of ISim.
Time resolution is 1 ps
Simulator is doing circuit initialization process.
Finished circuit initialization process.
--------------------------------------------------------------------------------
done in 13542 cycles
--------------------------------------------------------------------------------
Stopped at time : 176405 ns : File "D:/facultate/A321/AC/tema2/alt2/Matusa_Sebastian-Nicolae_331AA-tema2/build/bin/tester/tester.v" Line 220
********************************************************************************
**** Running test complex5...
********************************************************************************
ISim P.20131013 (signature 0x7708f090)
WARNING: A WEBPACK license was found.
WARNING: Please use Xilinx License Configuration Manager to check out a full ISim license.
WARNING: ISim will run in Lite mode. Please refer to the ISim documentation for more information on the differences between the Lite and the Full version.
This is a Lite version of ISim.
Time resolution is 1 ps
Simulator is doing circuit initialization process.
Finished circuit initialization process.
--------------------------------------------------------------------------------
done in 20521 cycles
--------------------------------------------------------------------------------
Stopped at time : 246195 ns : File "D:/facultate/A321/AC/tema2/alt2/Matusa_Sebastian-Nicolae_331AA-tema2/build/bin/tester/tester.v" Line 220
********************************************************************************
**** Running test simple1...
********************************************************************************
ISim P.20131013 (signature 0x7708f090)
WARNING: A WEBPACK license was found.
WARNING: Please use Xilinx License Configuration Manager to check out a full ISim license.
WARNING: ISim will run in Lite mode. Please refer to the ISim documentation for more information on the differences between the Lite and the Full version.
This is a Lite version of ISim.
Time resolution is 1 ps
Simulator is doing circuit initialization process.
Finished circuit initialization process.
--------------------------------------------------------------------------------
done in 636 cycles
--------------------------------------------------------------------------------
Stopped at time : 47345 ns : File "D:/facultate/A321/AC/tema2/alt2/Matusa_Sebastian-Nicolae_331AA-tema2/build/bin/tester/tester.v" Line 220
********************************************************************************
**** Running test simple2...
********************************************************************************
ISim P.20131013 (signature 0x7708f090)
WARNING: A WEBPACK license was found.
WARNING: Please use Xilinx License Configuration Manager to check out a full ISim license.
WARNING: ISim will run in Lite mode. Please refer to the ISim documentation for more information on the differences between the Lite and the Full version.
This is a Lite version of ISim.
Time resolution is 1 ps
Simulator is doing circuit initialization process.
Finished circuit initialization process.
--------------------------------------------------------------------------------
done in 1476 cycles
--------------------------------------------------------------------------------
Stopped at time : 55745 ns : File "D:/facultate/A321/AC/tema2/alt2/Matusa_Sebastian-Nicolae_331AA-tema2/build/bin/tester/tester.v" Line 220
********************************************************************************
**** Running test simple3...
********************************************************************************
ISim P.20131013 (signature 0x7708f090)
WARNING: A WEBPACK license was found.
WARNING: Please use Xilinx License Configuration Manager to check out a full ISim license.
WARNING: ISim will run in Lite mode. Please refer to the ISim documentation for more information on the differences between the Lite and the Full version.
This is a Lite version of ISim.
Time resolution is 1 ps
Simulator is doing circuit initialization process.
Finished circuit initialization process.
--------------------------------------------------------------------------------
done in 2960 cycles
--------------------------------------------------------------------------------
Stopped at time : 70585 ns : File "D:/facultate/A321/AC/tema2/alt2/Matusa_Sebastian-Nicolae_331AA-tema2/build/bin/tester/tester.v" Line 220
********************************************************************************
**** Running test simple4...
********************************************************************************
ISim P.20131013 (signature 0x7708f090)
WARNING: A WEBPACK license was found.
WARNING: Please use Xilinx License Configuration Manager to check out a full ISim license.
WARNING: ISim will run in Lite mode. Please refer to the ISim documentation for more information on the differences between the Lite and the Full version.
This is a Lite version of ISim.
Time resolution is 1 ps
Simulator is doing circuit initialization process.
Finished circuit initialization process.
--------------------------------------------------------------------------------
done in 2015 cycles
--------------------------------------------------------------------------------
Stopped at time : 61135 ns : File "D:/facultate/A321/AC/tema2/alt2/Matusa_Sebastian-Nicolae_331AA-tema2/build/bin/tester/tester.v" Line 220
